
================== ASTRAL ===================== 

This is ASTRAL version 5.7.8
Gene trees are treated as unrooted
1245 trees read from ..\..\Datasets\shen_animal.tre
index0
All output trees will be *arbitrarily* rooted at EC1_Anisomys_imitator_ABTC45107

======== Running the main analysis
Number of taxa: 37 (37 species)
Taxa: [EC1_Anisomys_imitator_ABTC45107, EC1_Chiropodomys_gliroides_KCR2069_Z25153, EC1_Rattus_fuscipes_GI02R01, Murine_Ref_Rat_20161116, Murine_Ref_Mus_20161116, EC1_Haeromys_minahassaeZ23000, EC1_Conilurus_penicillatus_ABTC7411, EC1_Mesembriomys_gouldii_ABTC07412, EC1_Leporillus_conditor_ABTC13335, EC1_Paramelomys_levipes_ABTC42506, EC1_Melomys_rufescens_ABTC44798, EC1_Solomys_salebrosus_ABTC64864, EC1_Uromys_caudimaculatus_ASA09, EC1_Leggadina_forresti_ABTC36085, EC1_Mastacomys_fuscus_ABTC07354, EC1_Pseudomys_australis_ABTC35951, EC1_Pseudomys_desertor_Z21274, EC1_Pseudomys_oralis_IG06_001, EC1_Notomys_fuscus_ABTC113387, EC1_Pseudomys_fumeus_Z27810, EC1_Pseudomys_albocinereus_ABTC08044, EC1_Zyzomys_argurus_ABTC07908, EC1_Crossomys_moncktoni_ABTC46614, EC1_Hydromys_chrysogaster_Z5248, EC1_Parahydromys_asper_ABTC45798, EC1_Leptomys_elegans_ABTC45741, EC1_Xeromys_myoides_ABTC30709, EC1_Paraleptomys_sp_H126, EC1_Pseudohydromys_ellermani_ABTC43920, EC1_Pogonomelomys_ruemmleri_ABTC47187, EC1_Mallomys_rothschildiABTC47402, EC1_Mammelomys_lanosusABTC47208, EC1_Xenuromys_barbatus_Y250, EC1_Lorentzimys_nouhuysi_ABTC46314, EC1_Macruromys_major_ABTC43909, EC1_Hyomys_goliath_ABTC42697, EC1_Pogonomys_macrourus_ABTC43144]
Taxon occupancy: {EC1_Haeromys_minahassaeZ23000=1244, EC1_Pseudomys_albocinereus_ABTC08044=1245, EC1_Xeromys_myoides_ABTC30709=1243, EC1_Hyomys_goliath_ABTC42697=1243, EC1_Parahydromys_asper_ABTC45798=1243, EC1_Mastacomys_fuscus_ABTC07354=1243, EC1_Notomys_fuscus_ABTC113387=1241, EC1_Xenuromys_barbatus_Y250=1241, EC1_Melomys_rufescens_ABTC44798=1245, EC1_Mesembriomys_gouldii_ABTC07412=1242, EC1_Leporillus_conditor_ABTC13335=1245, EC1_Pseudomys_australis_ABTC35951=1245, EC1_Crossomys_moncktoni_ABTC46614=1244, EC1_Mammelomys_lanosusABTC47208=1244, EC1_Paramelomys_levipes_ABTC42506=1240, EC1_Leptomys_elegans_ABTC45741=1243, EC1_Mallomys_rothschildiABTC47402=1243, EC1_Uromys_caudimaculatus_ASA09=1241, EC1_Leggadina_forresti_ABTC36085=1245, EC1_Conilurus_penicillatus_ABTC7411=1243, EC1_Macruromys_major_ABTC43909=1243, EC1_Pseudomys_desertor_Z21274=1244, EC1_Pseudohydromys_ellermani_ABTC43920=1243, EC1_Solomys_salebrosus_ABTC64864=1243, EC1_Lorentzimys_nouhuysi_ABTC46314=1242, EC1_Pseudomys_oralis_IG06_001=1245, EC1_Hydromys_chrysogaster_Z5248=1243, EC1_Anisomys_imitator_ABTC45107=1244, EC1_Rattus_fuscipes_GI02R01=1244, Murine_Ref_Mus_20161116=1245, EC1_Zyzomys_argurus_ABTC07908=1242, EC1_Pogonomelomys_ruemmleri_ABTC47187=1242, Murine_Ref_Rat_20161116=1245, EC1_Pogonomys_macrourus_ABTC43144=1243, EC1_Paraleptomys_sp_H126=1243, EC1_Chiropodomys_gliroides_KCR2069_Z25153=1244, EC1_Pseudomys_fumeus_Z27810=1243}
Number of gene trees: 1245
49 trees have missing taxa
Calculating quartet distance matrix (for completion of X)
Species tree distances calculated ...
Will attempt to complete bipartitions from X before adding using a distance matrix.
Building set of clusters (X) from gene trees 
------------------------------
gradient0: 10423
Number of Clusters after addition by distance: 10423
calculating extra bipartitions to be added at level 1 ...
Adding to X using resolutions of greedy consensus ...
Limit for sigma of degrees:975
polytomy size limit : 7
discarded polytomies:  [3, 4, 4, 5, 5, 7]
Threshold 0.0:
Threshold 0.01:
Threshold 0.02:
Threshold 0.05:
Threshold 0.1:
Threshold 0.2:
polytomy of size 5; rounds with additions with at least 5 support: 0; clusters: 10423
Threshold 0.3333333333333333:
polytomy of size 4; rounds with additions with at least 5 support: 0; clusters: 10423
polytomy of size 4; rounds with additions with at least 5 support: 0; clusters: 10423
polytomy of size 3; rounds with additions with at least 5 support: 0; clusters: 10423
polytomy of size 5; rounds with additions with at least 5 support: 0; clusters: 10423
polytomy of size 7; rounds with additions with at least 5 support: 0; clusters: 10423
max k is :0
Number of Clusters after addition by greedy: 10423
gradient0 in heuristiic: 10423
partitions formed in 3.453 secs
Dynamic Programming starting after 3.453 secs
Using tree-based weight calculation.
Using polytree-based weight calculation.
Polytree max score: 81783469
Polytree building time: 6.184 seconds.
Number of quartet trees in the gene trees: 81783469
Size of largest cluster: 37
Greedy score: 59229356
estimationFactor: 1.3807928115916033
Sub-optimal score: 67163463
Total Number of elements weighted: 59245
Normalized score (portion of input quartet trees satisfied before correcting for multiple individuals): 0.8273118862199401
Optimization score: 67660436
Optimal tree inferred in 86.342 secs.
(Murine_Ref_Mus_20161116,((EC1_Rattus_fuscipes_GI02R01,Murine_Ref_Rat_20161116),(EC1_Chiropodomys_gliroides_KCR2069_Z25153,(EC1_Haeromys_minahassaeZ23000,((EC1_Anisomys_imitator_ABTC45107,(EC1_Lorentzimys_nouhuysi_ABTC46314,(EC1_Macruromys_major_ABTC43909,(EC1_Hyomys_goliath_ABTC42697,EC1_Pogonomys_macrourus_ABTC43144)))),((EC1_Pogonomelomys_ruemmleri_ABTC47187,(EC1_Mallomys_rothschildiABTC47402,(EC1_Mammelomys_lanosusABTC47208,EC1_Xenuromys_barbatus_Y250))),(((EC1_Crossomys_moncktoni_ABTC46614,(EC1_Hydromys_chrysogaster_Z5248,EC1_Parahydromys_asper_ABTC45798)),((EC1_Leptomys_elegans_ABTC45741,EC1_Paraleptomys_sp_H126),(EC1_Xeromys_myoides_ABTC30709,EC1_Pseudohydromys_ellermani_ABTC43920))),(((EC1_Leporillus_conditor_ABTC13335,(EC1_Conilurus_penicillatus_ABTC7411,EC1_Mesembriomys_gouldii_ABTC07412)),(EC1_Uromys_caudimaculatus_ASA09,(EC1_Paramelomys_levipes_ABTC42506,(EC1_Melomys_rufescens_ABTC44798,EC1_Solomys_salebrosus_ABTC64864)))),(EC1_Zyzomys_argurus_ABTC07908,(EC1_Leggadina_forresti_ABTC36085,(EC1_Notomys_fuscus_ABTC113387,((EC1_Pseudomys_fumeus_Z27810,EC1_Pseudomys_albocinereus_ABTC08044),((EC1_Pseudomys_desertor_Z21274,EC1_Pseudomys_oralis_IG06_001),(EC1_Mastacomys_fuscus_ABTC07354,EC1_Pseudomys_australis_ABTC35951))))))))))))));
Final quartet score is: 67660436
Final normalized quartet score is: 0.8273118862199401
Extended species tree:
(EC1_Anisomys_imitator_ABTC45107,((EC1_Lorentzimys_nouhuysi_ABTC46314,(EC1_Macruromys_major_ABTC43909,(EC1_Hyomys_goliath_ABTC42697,EC1_Pogonomys_macrourus_ABTC43144)1:0.34488655230696164)1:0.11021241925433806)1:0.0701623520047243,(((EC1_Pogonomelomys_ruemmleri_ABTC47187,(EC1_Mallomys_rothschildiABTC47402,(EC1_Mammelomys_lanosusABTC47208,EC1_Xenuromys_barbatus_Y250)1:1.066767292987188)1:1.0443473320625911)0.95:0.07671940475233838,(((EC1_Crossomys_moncktoni_ABTC46614,(EC1_Hydromys_chrysogaster_Z5248,EC1_Parahydromys_asper_ABTC45798)1:1.315605362126339)1:1.5794703493522217,((EC1_Leptomys_elegans_ABTC45741,EC1_Paraleptomys_sp_H126)1:0.07751949743908203,(EC1_Xeromys_myoides_ABTC30709,EC1_Pseudohydromys_ellermani_ABTC43920)1:0.42055840365829544)1:0.17600224545952137)1:2.0974482799927894,(((EC1_Leporillus_conditor_ABTC13335,(EC1_Conilurus_penicillatus_ABTC7411,EC1_Mesembriomys_gouldii_ABTC07412)1:0.46750317067342534)1:1.289413823707243,(EC1_Uromys_caudimaculatus_ASA09,(EC1_Paramelomys_levipes_ABTC42506,(EC1_Melomys_rufescens_ABTC44798,EC1_Solomys_salebrosus_ABTC64864)1:1.3057992671007068)1:0.18982425090303603)1:0.22695643144981043)1:0.3704886971814199,(EC1_Zyzomys_argurus_ABTC07908,(EC1_Leggadina_forresti_ABTC36085,(EC1_Notomys_fuscus_ABTC113387,((EC1_Pseudomys_fumeus_Z27810,EC1_Pseudomys_albocinereus_ABTC08044)1:0.39139191836788395,((EC1_Pseudomys_desertor_Z21274,EC1_Pseudomys_oralis_IG06_001)1:0.35041815421577294,(EC1_Mastacomys_fuscus_ABTC07354,EC1_Pseudomys_australis_ABTC35951)1:0.27768730486242355)1:0.20476503454375994)1:0.6951967511300428)1:0.8976335716569902)0.98:0.05922547347486006)1:0.5376827207078114)1:1.047470525722302)1:1.791990270052211)1:0.4263612800226656,(EC1_Haeromys_minahassaeZ23000,(EC1_Chiropodomys_gliroides_KCR2069_Z25153,((EC1_Rattus_fuscipes_GI02R01,Murine_Ref_Rat_20161116)1:3.9288181116603633,Murine_Ref_Mus_20161116)1:1.04427632504916)1:1.0842053823725895)1:0.9909391109995943)1:0.12728639088514002));
Weight calculation took 73.4119585 secs
ASTRAL finished in 89.84 secs
